<?xml version="1.0" encoding="UTF-8"?>
<testng-results ignored="0" total="0" passed="0" failed="0" skipped="0">
  <reporter-output>
  </reporter-output>
  <suite started-at="2023-05-28T12:41:02Z" name="Surefire suite" finished-at="2023-05-28T12:41:15Z" duration-ms="13313">
    <groups>
    </groups>
    <test started-at="2023-05-28T12:41:02Z" name="Surefire test" finished-at="2023-05-28T12:41:15Z" duration-ms="13313">
      <class name="Base.BaseTest">
        <test-method is-config="true" signature="Setup()[pri:0, instance:Base.BaseTest@157632c9]" started-at="2023-05-28T12:41:02Z" name="Setup" finished-at="2023-05-28T12:41:14Z" duration-ms="11675" status="PASS">
          <reporter-output>
          </reporter-output>
        </test-method> <!-- Setup -->
        <test-method is-config="true" signature="closeBrowser()[pri:0, instance:Base.BaseTest@157632c9]" started-at="2023-05-28T12:41:14Z" name="closeBrowser" finished-at="2023-05-28T12:41:15Z" duration-ms="1630" status="PASS">
          <reporter-output>
          </reporter-output>
        </test-method> <!-- closeBrowser -->
      </class> <!-- Base.BaseTest -->
    </test> <!-- Surefire test -->
  </suite> <!-- Surefire suite -->
</testng-results>
